{
  "stats": {
    "suites": 1,
    "tests": 2,
    "passes": 1,
    "pending": 0,
    "failures": 1,
    "start": "2021-10-05T17:59:12.252Z",
    "end": "2021-10-05T17:59:12.982Z",
    "duration": 730,
    "testsRegistered": 2,
    "passPercent": 50,
    "pendingPercent": 0,
    "other": 0,
    "hasOther": false,
    "skipped": 0,
    "hasSkipped": false
  },
  "results": [
    {
      "uuid": "c3859aeb-f8ea-4493-b32b-fe5158c71a24",
      "title": "",
      "fullFile": "",
      "file": "",
      "beforeHooks": [],
      "afterHooks": [],
      "tests": [],
      "suites": [
        {
          "uuid": "a4ddbc48-0d64-4680-bb06-e5ae5bf604da",
          "title": "Details Check",
          "fullFile": "/Users/deepu/Desktop/SuperTest/tests/secondTest.test.js",
          "file": "/secondTest.test.js",
          "beforeHooks": [],
          "afterHooks": [],
          "tests": [
            {
              "title": "Token Generation",
              "fullTitle": "Details Check Token Generation",
              "timedOut": false,
              "duration": 26,
              "state": "passed",
              "speed": "fast",
              "pass": true,
              "fail": false,
              "pending": false,
              "context": null,
              "code": "const query = {\n    \"email\": 'dpuoneplus@gmail.com',\n    \"password\": 'deepu@123'\n   };\nconst response = request.post(endPoints.AirPorts.getTokens)\n.send(query)\n.expect(200)\n.then(response => {\n    if (response.statusCode == 200) {\n    access_token = response.body.token;\n    }\n});",
              "err": {},
              "uuid": "90b6b669-1254-40bd-8f5f-1ec97d8dbdbf",
              "parentUUID": "a4ddbc48-0d64-4680-bb06-e5ae5bf604da",
              "isHook": false,
              "skipped": false
            },
            {
              "title": "ID validation",
              "fullTitle": "Details Check ID validation",
              "timedOut": false,
              "duration": 691,
              "state": "failed",
              "speed": null,
              "pass": false,
              "fail": true,
              "pending": false,
              "context": null,
              "code": "let response = await request.get(endPoints.AirPorts.getSpecificAirportDetails)\nexpect(response.body.data.id).equals(reqData.KIX.ID)",
              "err": {
                "message": "AssertionError: expected 'KIX' to equal 'KIX1'",
                "estack": "AssertionError: expected 'KIX' to equal 'KIX1'\n    at Context.<anonymous> (/Users/deepu/Desktop/SuperTest/actions/actions.js:27:39)\n    at processTicksAndRejections (internal/process/task_queues.js:97:5)",
                "diff": "- KIX\n+ KIX1\n"
              },
              "uuid": "b19bcf37-059d-458c-b1a7-5fbf43c50851",
              "parentUUID": "a4ddbc48-0d64-4680-bb06-e5ae5bf604da",
              "isHook": false,
              "skipped": false
            }
          ],
          "suites": [],
          "passes": [
            "90b6b669-1254-40bd-8f5f-1ec97d8dbdbf"
          ],
          "failures": [
            "b19bcf37-059d-458c-b1a7-5fbf43c50851"
          ],
          "pending": [],
          "skipped": [],
          "duration": 717,
          "root": false,
          "rootEmpty": false,
          "_timeout": 2000
        }
      ],
      "passes": [],
      "failures": [],
      "pending": [],
      "skipped": [],
      "duration": 0,
      "root": true,
      "rootEmpty": true,
      "_timeout": 2000
    }
  ],
  "meta": {
    "mocha": {
      "version": "9.1.2"
    },
    "mochawesome": {
      "options": {
        "quiet": false,
        "reportFilename": "mochawesome",
        "saveHtml": true,
        "saveJson": true,
        "consoleReporter": "spec",
        "useInlineDiffs": false,
        "code": true
      },
      "version": "6.3.0"
    },
    "marge": {
      "options": null,
      "version": "5.2.0"
    }
  }
}